
///////////////////////////////////
// Efinity Synthesis Started 
// Aug 26, 2024 12:14:14
///////////////////////////////////

[EFX-0010 VERI-ERROR] assign statement is not supported for synthesis (VERI-1001) (E:\vicharak\effinity_projects\sha_v1\sha_cmp.sv:122)
[EFX-0021 ERROR] Verific elaboration of module '' failed.

///////////////////////////////////
// Efinity Synthesis Started 
// Aug 26, 2024 12:14:27
///////////////////////////////////

[EFX-0010 VERI-ERROR] assign statement is not supported for synthesis (VERI-1001) (E:\vicharak\effinity_projects\sha_v1\sha_cmp.sv:122)
[EFX-0021 ERROR] Verific elaboration of module '' failed.

///////////////////////////////////
// Efinity Synthesis Started 
// Aug 26, 2024 12:14:59
///////////////////////////////////


///////////////////////////////////
// Efinity Synthesis Started 
// Aug 26, 2024 14:14:45
///////////////////////////////////

[EFX-0010 VERI-ERROR] net 'state[3]' is constantly driven from multiple places (VDB-1000) (E:\vicharak\effinity_projects\sha_v1\sha_fsm.sv:92)
[EFX-0010 VERI-ERROR] found another driver here (VDB-1001) (E:\vicharak\effinity_projects\sha_v1\sha_fsm.sv:229)
[EFX-0021 ERROR] Verific elaboration of module '' failed.

///////////////////////////////////
// Efinity Synthesis Started 
// Aug 26, 2024 14:15:48
///////////////////////////////////

[EFX-0010 VERI-ERROR] procedural assignment to a non-register 'state' is not permitted (VERI-1100) (E:\vicharak\effinity_projects\sha_v1\sha_fsm.sv:90)
[EFX-0010 VERI-ERROR] procedural assignment to a non-register 'state' is not permitted (VERI-1100) (E:\vicharak\effinity_projects\sha_v1\sha_fsm.sv:91)
[EFX-0010 VERI-ERROR] procedural assignment to a non-register 'next' is not permitted (VERI-1100) (E:\vicharak\effinity_projects\sha_v1\sha_fsm.sv:95)
[EFX-0010 VERI-ERROR] procedural assignment to a non-register 'next' is not permitted (VERI-1100) (E:\vicharak\effinity_projects\sha_v1\sha_fsm.sv:103)
[EFX-0010 VERI-ERROR] procedural assignment to a non-register 'next' is not permitted (VERI-1100) (E:\vicharak\effinity_projects\sha_v1\sha_fsm.sv:125)
[EFX-0010 VERI-ERROR] procedural assignment to a non-register 'next' is not permitted (VERI-1100) (E:\vicharak\effinity_projects\sha_v1\sha_fsm.sv:174)
[EFX-0010 VERI-ERROR] procedural assignment to a non-register 'state' is not permitted (VERI-1100) (E:\vicharak\effinity_projects\sha_v1\sha_fsm.sv:226)
[EFX-0010 VERI-ERROR] module 'sha_256_fsm' is ignored due to previous errors (VERI-1072) (E:\vicharak\effinity_projects\sha_v1\sha_fsm.sv:232)

///////////////////////////////////
// Efinity Synthesis Started 
// Aug 26, 2024 14:16:29
///////////////////////////////////

[EFX-0010 VERI-ERROR] net 'state[3]' is constantly driven from multiple places (VDB-1000) (E:\vicharak\effinity_projects\sha_v1\sha_fsm.sv:92)
[EFX-0010 VERI-ERROR] found another driver here (VDB-1001) (E:\vicharak\effinity_projects\sha_v1\sha_fsm.sv:229)
[EFX-0021 ERROR] Verific elaboration of module '' failed.

///////////////////////////////////
// Efinity Synthesis Started 
// Aug 26, 2024 14:23:14
///////////////////////////////////


///////////////////////////////////
// Efinity Synthesis Started 
// Aug 26, 2024 14:47:43
///////////////////////////////////


///////////////////////////////////
// Efinity Synthesis Started 
// Aug 26, 2024 14:54:59
///////////////////////////////////


///////////////////////////////////
// Efinity Synthesis Started 
// Aug 26, 2024 15:26:15
///////////////////////////////////


///////////////////////////////////
// Efinity Synthesis Started 
// Aug 26, 2024 15:38:29
///////////////////////////////////


///////////////////////////////////
// Efinity Synthesis Started 
// Aug 26, 2024 16:10:59
///////////////////////////////////


///////////////////////////////////
// Efinity Synthesis Started 
// Aug 26, 2024 16:19:34
///////////////////////////////////


///////////////////////////////////
// Efinity Synthesis Started 
// Aug 27, 2024 09:23:49
///////////////////////////////////


///////////////////////////////////
// Efinity Synthesis Started 
// Aug 27, 2024 09:29:56
///////////////////////////////////

