
///////////////////////////////////
// Efinity Synthesis Started 
// Aug 24, 2024 10:34:32
///////////////////////////////////

[EFX-0010 VERI-ERROR] assign statement is not supported for synthesis (VERI-1001) (E:\vicharak\effinity_projects\sha_256_v\sha_256_schedular.sv:29)
[EFX-0021 ERROR] Verific elaboration of module 'sha_256_compression' failed.

///////////////////////////////////
// Efinity Synthesis Started 
// Aug 24, 2024 10:39:00
///////////////////////////////////


///////////////////////////////////
// Efinity Synthesis Started 
// Aug 24, 2024 10:39:59
///////////////////////////////////


///////////////////////////////////
// Efinity Synthesis Started 
// Aug 24, 2024 10:53:17
///////////////////////////////////


///////////////////////////////////
// Efinity Synthesis Started 
// Aug 24, 2024 10:54:18
///////////////////////////////////


///////////////////////////////////
// Efinity Synthesis Started 
// Aug 24, 2024 10:55:46
///////////////////////////////////


///////////////////////////////////
// Efinity Synthesis Started 
// Aug 24, 2024 10:57:14
///////////////////////////////////


///////////////////////////////////
// Efinity Synthesis Started 
// Aug 24, 2024 11:01:04
///////////////////////////////////


///////////////////////////////////
// Efinity Synthesis Started 
// Aug 24, 2024 12:38:15
///////////////////////////////////


///////////////////////////////////
// Efinity Synthesis Started 
// Aug 24, 2024 17:40:46
///////////////////////////////////


///////////////////////////////////
// Efinity Synthesis Started 
// Aug 24, 2024 17:45:25
///////////////////////////////////

[EFX-0010 VERI-ERROR] net 'state[3]' is constantly driven from multiple places (VDB-1000) (E:\vicharak\effinity_projects\sha_256_v\sha_256_compression.sv:78)
[EFX-0010 VERI-ERROR] found another driver here (VDB-1001) (E:\vicharak\effinity_projects\sha_256_v\sha_256_compression.sv:203)
[EFX-0021 ERROR] Verific elaboration of module '' failed.

///////////////////////////////////
// Efinity Synthesis Started 
// Aug 24, 2024 17:46:30
///////////////////////////////////


///////////////////////////////////
// Efinity Synthesis Started 
// Aug 24, 2024 18:09:01
///////////////////////////////////

