
///////////////////////////////////
// Efinity Synthesis Started 
// Aug 30, 2024 10:06:54
///////////////////////////////////

[EFX-0010 VERI-ERROR] overwriting previous definition of module 'uart_tx' (VERI-1206) (E:\vicharak\effinity_projects\sha_uart_v1\uart_tx.sv:119)

///////////////////////////////////
// Efinity Synthesis Started 
// Aug 30, 2024 10:08:05
///////////////////////////////////


///////////////////////////////////
// Efinity Synthesis Started 
// Aug 30, 2024 10:23:30
///////////////////////////////////


///////////////////////////////////
// Efinity Synthesis Started 
// Aug 30, 2024 10:49:00
///////////////////////////////////


///////////////////////////////////
// Efinity Synthesis Started 
// Aug 30, 2024 11:04:58
///////////////////////////////////


///////////////////////////////////
// Efinity Synthesis Started 
// Aug 30, 2024 11:21:04
///////////////////////////////////


///////////////////////////////////
// Efinity Synthesis Started 
// Aug 30, 2024 11:22:36
///////////////////////////////////


///////////////////////////////////
// Efinity Synthesis Started 
// Aug 30, 2024 11:42:09
///////////////////////////////////


///////////////////////////////////
// Efinity Synthesis Started 
// Aug 30, 2024 11:45:57
///////////////////////////////////


///////////////////////////////////
// Efinity Synthesis Started 
// Aug 30, 2024 12:01:00
///////////////////////////////////


///////////////////////////////////
// Efinity Synthesis Started 
// Aug 30, 2024 12:27:08
///////////////////////////////////


///////////////////////////////////
// Efinity Synthesis Started 
// Aug 30, 2024 12:37:23
///////////////////////////////////


///////////////////////////////////
// Efinity Synthesis Started 
// Aug 30, 2024 12:41:58
///////////////////////////////////


///////////////////////////////////
// Efinity Synthesis Started 
// Aug 30, 2024 12:56:28
///////////////////////////////////


///////////////////////////////////
// Efinity Synthesis Started 
// Aug 30, 2024 13:52:13
///////////////////////////////////


///////////////////////////////////
// Efinity Synthesis Started 
// Aug 30, 2024 14:03:03
///////////////////////////////////


///////////////////////////////////
// Efinity Synthesis Started 
// Aug 30, 2024 14:20:34
///////////////////////////////////


///////////////////////////////////
// Efinity Synthesis Started 
// Aug 30, 2024 14:34:57
///////////////////////////////////


///////////////////////////////////
// Efinity Synthesis Started 
// Aug 30, 2024 14:53:27
///////////////////////////////////


///////////////////////////////////
// Efinity Synthesis Started 
// Aug 30, 2024 15:03:56
///////////////////////////////////


///////////////////////////////////
// Efinity Synthesis Started 
// Aug 30, 2024 15:10:01
///////////////////////////////////


///////////////////////////////////
// Efinity Synthesis Started 
// Aug 31, 2024 09:20:00
///////////////////////////////////


///////////////////////////////////
// Efinity Synthesis Started 
// Aug 31, 2024 09:39:18
///////////////////////////////////


///////////////////////////////////
// Efinity Synthesis Started 
// Aug 31, 2024 09:53:48
///////////////////////////////////

[EFX-0010 VERI-ERROR] 'idh' is not declared (VERI-1128) (E:\vicharak\effinity_projects\sha_uart_v1\idh.sv:45)
[EFX-0010 VERI-ERROR] module 'input_data_handler' is ignored due to previous errors (VERI-1072) (E:\vicharak\effinity_projects\sha_uart_v1\idh.sv:95)

///////////////////////////////////
// Efinity Synthesis Started 
// Aug 31, 2024 09:54:35
///////////////////////////////////


///////////////////////////////////
// Efinity Synthesis Started 
// Aug 31, 2024 10:08:11
///////////////////////////////////

[EFX-0010 VERI-ERROR] cannot assign a packed type to an unpacked type (VERI-1349) (E:\vicharak\effinity_projects\sha_uart_v1\sha_256.sv:107)
[EFX-0010 VERI-ERROR] cannot assign a packed type to an unpacked type (VERI-1349) (E:\vicharak\effinity_projects\sha_uart_v1\sha_256.sv:116)
[EFX-0010 VERI-ERROR] module 'sha_256_fsm_v1' is ignored due to previous errors (VERI-1072) (E:\vicharak\effinity_projects\sha_uart_v1\sha_256.sv:257)

///////////////////////////////////
// Efinity Synthesis Started 
// Aug 31, 2024 10:15:16
///////////////////////////////////


///////////////////////////////////
// Efinity Synthesis Started 
// Aug 31, 2024 10:26:13
///////////////////////////////////


///////////////////////////////////
// Efinity Synthesis Started 
// Aug 31, 2024 10:36:20
///////////////////////////////////


///////////////////////////////////
// Efinity Synthesis Started 
// Aug 31, 2024 10:47:10
///////////////////////////////////


///////////////////////////////////
// Efinity Synthesis Started 
// Aug 31, 2024 11:01:07
///////////////////////////////////


///////////////////////////////////
// Efinity Synthesis Started 
// Aug 31, 2024 11:12:28
///////////////////////////////////


///////////////////////////////////
// Efinity Synthesis Started 
// Aug 31, 2024 11:27:18
///////////////////////////////////


///////////////////////////////////
// Efinity Synthesis Started 
// Sep 02, 2024 17:42:37
///////////////////////////////////

