
---------- Resource Summary (begin) ----------
Inputs: 3 / 1076 (0.28%)
Outputs: 2 / 1566 (0.13%)
Clocks: 1 / 16 (6.25%)
Logic Elements: 14655 / 112128 (13.07%)
	LE: LUTs/Adders: 13914 / 112128 (12.41%)
	LE: Registers: 3440 / 107520 (3.20%)
Memory Blocks: 0 / 1056 (0.00%)
Multipliers: 0 / 320 (0.00%)
---------- Resource Summary (end) ----------


---------- Resource Summary (begin) ----------
Inputs: 3 / 1076 (0.28%)
Outputs: 2 / 1566 (0.13%)
Clocks: 1 / 16 (6.25%)
Logic Elements: 14655 / 112128 (13.07%)
	LE: LUTs/Adders: 13914 / 112128 (12.41%)
	LE: Registers: 3440 / 107520 (3.20%)
Memory Blocks: 0 / 1056 (0.00%)
Multipliers: 0 / 320 (0.00%)
---------- Resource Summary (end) ----------

